[debug] [2022-11-30T09:23:36.333Z] ----------------------------------------------------------------------
[debug] [2022-11-30T09:23:36.335Z] Command:       D:\nodejsSoftware\node.exe C:\Users\dell\AppData\Roaming\npm\node_modules\firebase-tools\lib\bin\firebase.js init
[debug] [2022-11-30T09:23:36.336Z] CLI Version:   11.16.1
[debug] [2022-11-30T09:23:36.336Z] Platform:      win32
[debug] [2022-11-30T09:23:36.336Z] Node Version:  v18.12.1
[debug] [2022-11-30T09:23:36.337Z] Time:          Wed Nov 30 2022 14:53:36 GMT+0530 (India Standard Time)
[debug] [2022-11-30T09:23:36.338Z] ----------------------------------------------------------------------
[debug] 
[debug] [2022-11-30T09:23:36.348Z] > command requires scopes: ["email","openid","https://www.googleapis.com/auth/cloudplatformprojects.readonly","https://www.googleapis.com/auth/firebase","https://www.googleapis.com/auth/cloud-platform"]
[debug] [2022-11-30T09:23:36.349Z] > authorizing via signed-in user (sgamilcom77@gmail.com)
[info] 
     ######## #### ########  ######## ########     ###     ######  ########
     ##        ##  ##     ## ##       ##     ##  ##   ##  ##       ##
     ######    ##  ########  ######   ########  #########  ######  ######
     ##        ##  ##    ##  ##       ##     ## ##     ##       ## ##
     ##       #### ##     ## ######## ########  ##     ##  ######  ########

You're about to initialize a Firebase project in this directory:

  C:\Users\dell\Downloads\remsume-main\remsume-main

[info] 
=== Project Setup
[info] 
[info] First, let's associate this project directory with a Firebase project.
[info] You can create multiple project aliases by running firebase use --add, 
[info] but for now we'll just set up a default project.
[info] 
[debug] [2022-11-30T09:24:23.820Z] >>> [apiv2][query] GET https://firebase.googleapis.com/v1beta1/projects pageSize=100
[debug] [2022-11-30T09:24:24.879Z] <<< [apiv2][status] GET https://firebase.googleapis.com/v1beta1/projects 200
[debug] [2022-11-30T09:24:24.880Z] <<< [apiv2][body] GET https://firebase.googleapis.com/v1beta1/projects [omitted]
[info] i  Using project portfolio-bb2c6 (portfolio) 
[info] 
=== Hosting Setup
[info] 
[info] Your public directory is the folder (relative to your project directory) that
[info] will contain Hosting assets to be uploaded with firebase deploy. If you
[info] have a build process for your assets, use your build's output directory.
[info] 
